<?xml version="1.0" encoding="UTF-8"?>
<testsuite xmlns:xsi="http://www.w3.org/2001/XMLSchema-instance" xsi:noNamespaceSchemaLocation="https://maven.apache.org/surefire/maven-surefire-plugin/xsd/surefire-test-report-3.0.xsd" version="3.0" name="VowelConsonants" time="0.126" tests="4" errors="0" skipped="0" failures="0">
  <properties>
[...]
</properties>
  <testcase name=" #1" classname="VowelConsonants" time="0.061">
    <system-out><![CDATA[
Scenario:                          # src/test/resources/VowelConsonants.feature:3
  Given the following words:       # StepDefinitions.the_following_words(java.util.List<java.lang.String>)
    | FIRST SENTENCE |
    | second         |
  When count vowels and consonants # StepDefinitions.count_vowels_and_consonants()
  Then this counts should return:  # StepDefinitions.this_counts_should_return(java.util.List<java.util.List<java.lang.Integer>>)
    | 0 | 0 |
    | 2 | 4 |
]]></system-out>
  </testcase>
  <testcase name=" #2" classname="VowelConsonants" time="0.003">
    <system-out><![CDATA[
Scenario:                          # src/test/resources/VowelConsonants.feature:12
  Given the following words:       # StepDefinitions.the_following_words(java.util.List<java.lang.String>)
    | first £$%£@$%  2341234 sentence |
    | second ":{}:> f@@9087           |
    | third   sentENCE                |
  When count vowels and consonants # StepDefinitions.count_vowels_and_consonants()
  Then this counts should return:  # StepDefinitions.this_counts_should_return(java.util.List<java.util.List<java.lang.Integer>>)
    | 4 | 9 |
    | 2 | 5 |
    | 2 | 7 |
]]></system-out>
  </testcase>
  <testcase name=" #3" classname="VowelConsonants" time="0.004">
    <system-out><![CDATA[
Scenario:                          # src/test/resources/VowelConsonants.feature:23
  Given the following words:       # StepDefinitions.the_following_words(java.util.List<java.lang.String>)
    | first sentence |
    | second         |
    | third          |
    | fourth         |
Extra arguments passed.
  When count vowels and consonants # StepDefinitions.count_vowels_and_consonants()
  Then null should be returned     # StepDefinitions.null_should_be_returned()
]]></system-out>
  </testcase>
  <testcase name=" #4" classname="VowelConsonants" time="0.007">
    <system-out><![CDATA[
Scenario:                            # src/test/resources/VowelConsonants.feature:32
  Given empty list                   # StepDefinitions.empty_list()
  When count vowels and consonants   # StepDefinitions.count_vowels_and_consonants()
  Then empty list should be returned # StepDefinitions.empty_list_should_be_returned()
]]></system-out>
  </testcase>
</testsuite>